<?xml version="1.0" encoding="UTF-8"?>
<testng-results ignored="0" total="1" passed="1" failed="0" skipped="0">
  <reporter-output>
  </reporter-output>
  <suite started-at="2022-07-28T22:14:54 IST" name="Default suite" finished-at="2022-07-28T22:14:54 IST" duration-ms="66">
    <groups>
    </groups>
    <test started-at="2022-07-28T22:14:54 IST" name="Default test" finished-at="2022-07-28T22:14:54 IST" duration-ms="66">
      <class name="Naveen.QTautomation.SoftAssertion">
        <test-method signature="softAssertion()[pri:0, instance:Naveen.QTautomation.SoftAssertion@291ae]" started-at="2022-07-28T22:14:54 IST" name="softAssertion" finished-at="2022-07-28T22:14:54 IST" duration-ms="20" status="PASS">
          <reporter-output>
          </reporter-output>
        </test-method> <!-- softAssertion -->
      </class> <!-- Naveen.QTautomation.SoftAssertion -->
    </test> <!-- Default test -->
  </suite> <!-- Default suite -->
</testng-results>
